

Started GET "/assets/rails.png" for 127.0.0.1 at 2012-10-15 09:31:17 +0100
Served asset /rails.png - 200 OK (4ms)


Started GET "/" for 127.0.0.1 at 2012-10-15 09:31:46 +0100
Processing by HillController#visit as HTML
ERROR: compiling _app_views_hill_visit_html_erb___720540919866386909_70153218688140 RAISED /Users/lvangool/work/stack_samples/sample-rails.3.2.8-nodb/app/views/hill/visit.html.erb:5: syntax error, unexpected '>'
/Users/lvangool/work/stack_samples/sample-rails.3.2.8-nodb/app/views/hill/visit.html.erb:10: syntax error, unexpected tIDENTIFIER, expecting ')'
...tput_buffer = _old_virtual_path, _old_output_buffer
...                               ^
/Users/lvangool/work/stack_samples/sample-rails.3.2.8-nodb/app/views/hill/visit.html.erb:10: syntax error, unexpected '\n', expecting '='
Function body:           def _app_views_hill_visit_html_erb___720540919866386909_70153218688140(local_assigns, output_buffer)
            _old_virtual_path, @virtual_path = @virtual_path, "hill/visit";_old_output_buffer = @output_buffer;;@output_buffer = output_buffer || ActionView::OutputBuffer.new;@output_buffer.safe_concat('<h1>Jack and Jill went up the hill to get a bucket of water...</h1>
<h2>(Using Rails 3.2.8 and No Database)</h2>
The bucket they got was:<br/>
Size: ');@output_buffer.append= (rand(10));@output_buffer.safe_concat('<br/>
Weight: ');@output_buffer.append= (rand(1000)<br/>
Full?: <%=rand(1000) > 500);@output_buffer.safe_concat('<br/>
<br/>
Who knows how many buckets they have collected?<br/>');@output_buffer.to_s
          ensure
            @virtual_path, @output_buffer = _old_virtual_path, _old_output_buffer
          end

Backtrace: /Users/lvangool/.rvm/gems/ruby-1.9.3-p194@rails-3.2.8/gems/actionpack-3.2.8/lib/action_view/template.rb:297:in `module_eval'
/Users/lvangool/.rvm/gems/ruby-1.9.3-p194@rails-3.2.8/gems/actionpack-3.2.8/lib/action_view/template.rb:297:in `compile'
/Users/lvangool/.rvm/gems/ruby-1.9.3-p194@rails-3.2.8/gems/actionpack-3.2.8/lib/action_view/template.rb:244:in `block in compile!'
<internal:prelude>:10:in `synchronize'
/Users/lvangool/.rvm/gems/ruby-1.9.3-p194@rails-3.2.8/gems/actionpack-3.2.8/lib/action_view/template.rb:232:in `compile!'
/Users/lvangool/.rvm/gems/ruby-1.9.3-p194@rails-3.2.8/gems/actionpack-3.2.8/lib/action_view/template.rb:144:in `block in render'
/Users/lvangool/.rvm/gems/ruby-1.9.3-p194@rails-3.2.8/gems/activesupport-3.2.8/lib/active_support/notifications.rb:125:in `instrument'
/Users/lvangool/.rvm/gems/ruby-1.9.3-p194@rails-3.2.8/gems/actionpack-3.2.8/lib/action_view/template.rb:143:in `render'
/Users/lvangool/.rvm/gems/ruby-1.9.3-p194@rails-3.2.8/gems/actionpack-3.2.8/lib/action_view/renderer/template_renderer.rb:47:in `block (2 levels) in render_template'
/Users/lvangool/.rvm/gems/ruby-1.9.3-p194@rails-3.2.8/gems/actionpack-3.2.8/lib/action_view/renderer/abstract_renderer.rb:38:in `block in instrument'
/Users/lvangool/.rvm/gems/ruby-1.9.3-p194@rails-3.2.8/gems/activesupport-3.2.8/lib/active_support/notifications.rb:123:in `block in instrument'
/Users/lvangool/.rvm/gems/ruby-1.9.3-p194@rails-3.2.8/gems/activesupport-3.2.8/lib/active_support/notifications/instrumenter.rb:20:in `instrument'
/Users/lvangool/.rvm/gems/ruby-1.9.3-p194@rails-3.2.8/gems/activesupport-3.2.8/lib/active_support/notifications.rb:123:in `instrument'
/Users/lvangool/.rvm/gems/ruby-1.9.3-p194@rails-3.2.8/gems/actionpack-3.2.8/lib/action_view/renderer/abstract_renderer.rb:38:in `instrument'
/Users/lvangool/.rvm/gems/ruby-1.9.3-p194@rails-3.2.8/gems/actionpack-3.2.8/lib/action_view/renderer/template_renderer.rb:46:in `block in render_template'
/Users/lvangool/.rvm/gems/ruby-1.9.3-p194@rails-3.2.8/gems/actionpack-3.2.8/lib/action_view/renderer/template_renderer.rb:54:in `render_with_layout'
/Users/lvangool/.rvm/gems/ruby-1.9.3-p194@rails-3.2.8/gems/actionpack-3.2.8/lib/action_view/renderer/template_renderer.rb:45:in `render_template'
/Users/lvangool/.rvm/gems/ruby-1.9.3-p194@rails-3.2.8/gems/actionpack-3.2.8/lib/action_view/renderer/template_renderer.rb:18:in `render'
/Users/lvangool/.rvm/gems/ruby-1.9.3-p194@rails-3.2.8/gems/actionpack-3.2.8/lib/action_view/renderer/renderer.rb:36:in `render_template'
/Users/lvangool/.rvm/gems/ruby-1.9.3-p194@rails-3.2.8/gems/actionpack-3.2.8/lib/action_view/renderer/renderer.rb:17:in `render'
/Users/lvangool/.rvm/gems/ruby-1.9.3-p194@rails-3.2.8/gems/actionpack-3.2.8/lib/abstract_controller/rendering.rb:110:in `_render_template'
/Users/lvangool/.rvm/gems/ruby-1.9.3-p194@rails-3.2.8/gems/actionpack-3.2.8/lib/action_controller/metal/streaming.rb:225:in `_render_template'
/Users/lvangool/.rvm/gems/ruby-1.9.3-p194@rails-3.2.8/gems/actionpack-3.2.8/lib/abstract_controller/rendering.rb:103:in `render_to_body'
/Users/lvangool/.rvm/gems/ruby-1.9.3-p194@rails-3.2.8/gems/actionpack-3.2.8/lib/action_controller/metal/renderers.rb:28:in `render_to_body'
/Users/lvangool/.rvm/gems/ruby-1.9.3-p194@rails-3.2.8/gems/actionpack-3.2.8/lib/action_controller/metal/compatibility.rb:50:in `render_to_body'
/Users/lvangool/.rvm/gems/ruby-1.9.3-p194@rails-3.2.8/gems/actionpack-3.2.8/lib/abstract_controller/rendering.rb:88:in `render'
/Users/lvangool/.rvm/gems/ruby-1.9.3-p194@rails-3.2.8/gems/actionpack-3.2.8/lib/action_controller/metal/rendering.rb:16:in `render'
/Users/lvangool/.rvm/gems/ruby-1.9.3-p194@rails-3.2.8/gems/actionpack-3.2.8/lib/action_controller/metal/instrumentation.rb:40:in `block (2 levels) in render'
/Users/lvangool/.rvm/gems/ruby-1.9.3-p194@rails-3.2.8/gems/activesupport-3.2.8/lib/active_support/core_ext/benchmark.rb:5:in `block in ms'
/Users/lvangool/.rvm/rubies/ruby-1.9.3-p194/lib/ruby/1.9.1/benchmark.rb:295:in `realtime'
/Users/lvangool/.rvm/gems/ruby-1.9.3-p194@rails-3.2.8/gems/activesupport-3.2.8/lib/active_support/core_ext/benchmark.rb:5:in `ms'
/Users/lvangool/.rvm/gems/ruby-1.9.3-p194@rails-3.2.8/gems/actionpack-3.2.8/lib/action_controller/metal/instrumentation.rb:40:in `block in render'
/Users/lvangool/.rvm/gems/ruby-1.9.3-p194@rails-3.2.8/gems/actionpack-3.2.8/lib/action_controller/metal/instrumentation.rb:83:in `cleanup_view_runtime'
/Users/lvangool/.rvm/gems/ruby-1.9.3-p194@rails-3.2.8/gems/actionpack-3.2.8/lib/action_controller/metal/instrumentation.rb:39:in `render'
/Users/lvangool/.rvm/gems/ruby-1.9.3-p194@rails-3.2.8/gems/actionpack-3.2.8/lib/action_controller/metal/implicit_render.rb:10:in `default_render'
/Users/lvangool/.rvm/gems/ruby-1.9.3-p194@rails-3.2.8/gems/actionpack-3.2.8/lib/action_controller/metal/implicit_render.rb:5:in `send_action'
/Users/lvangool/.rvm/gems/ruby-1.9.3-p194@rails-3.2.8/gems/actionpack-3.2.8/lib/abstract_controller/base.rb:167:in `process_action'
/Users/lvangool/.rvm/gems/ruby-1.9.3-p194@rails-3.2.8/gems/actionpack-3.2.8/lib/action_controller/metal/rendering.rb:10:in `process_action'
/Users/lvangool/.rvm/gems/ruby-1.9.3-p194@rails-3.2.8/gems/actionpack-3.2.8/lib/abstract_controller/callbacks.rb:18:in `block in process_action'
/Users/lvangool/.rvm/gems/ruby-1.9.3-p194@rails-3.2.8/gems/activesupport-3.2.8/lib/active_support/callbacks.rb:414:in `_run__906591685982546795__process_action__3949096946348253286__callbacks'
/Users/lvangool/.rvm/gems/ruby-1.9.3-p194@rails-3.2.8/gems/activesupport-3.2.8/lib/active_support/callbacks.rb:405:in `__run_callback'
/Users/lvangool/.rvm/gems/ruby-1.9.3-p194@rails-3.2.8/gems/activesupport-3.2.8/lib/active_support/callbacks.rb:385:in `_run_process_action_callbacks'
/Users/lvangool/.rvm/gems/ruby-1.9.3-p194@rails-3.2.8/gems/activesupport-3.2.8/lib/active_support/callbacks.rb:81:in `run_callbacks'
/Users/lvangool/.rvm/gems/ruby-1.9.3-p194@rails-3.2.8/gems/actionpack-3.2.8/lib/abstract_controller/callbacks.rb:17:in `process_action'
/Users/lvangool/.rvm/gems/ruby-1.9.3-p194@rails-3.2.8/gems/actionpack-3.2.8/lib/action_controller/metal/rescue.rb:29:in `process_action'
/Users/lvangool/.rvm/gems/ruby-1.9.3-p194@rails-3.2.8/gems/actionpack-3.2.8/lib/action_controller/metal/instrumentation.rb:30:in `block in process_action'
/Users/lvangool/.rvm/gems/ruby-1.9.3-p194@rails-3.2.8/gems/activesupport-3.2.8/lib/active_support/notifications.rb:123:in `block in instrument'
/Users/lvangool/.rvm/gems/ruby-1.9.3-p194@rails-3.2.8/gems/activesupport-3.2.8/lib/active_support/notifications/instrumenter.rb:20:in `instrument'
/Users/lvangool/.rvm/gems/ruby-1.9.3-p194@rails-3.2.8/gems/activesupport-3.2.8/lib/active_support/notifications.rb:123:in `instrument'
/Users/lvangool/.rvm/gems/ruby-1.9.3-p194@rails-3.2.8/gems/actionpack-3.2.8/lib/action_controller/metal/instrumentation.rb:29:in `process_action'
/Users/lvangool/.rvm/gems/ruby-1.9.3-p194@rails-3.2.8/gems/actionpack-3.2.8/lib/action_controller/metal/params_wrapper.rb:207:in `process_action'
/Users/lvangool/.rvm/gems/ruby-1.9.3-p194@rails-3.2.8/gems/actionpack-3.2.8/lib/abstract_controller/base.rb:121:in `process'
/Users/lvangool/.rvm/gems/ruby-1.9.3-p194@rails-3.2.8/gems/actionpack-3.2.8/lib/abstract_controller/rendering.rb:45:in `process'
/Users/lvangool/.rvm/gems/ruby-1.9.3-p194@rails-3.2.8/gems/actionpack-3.2.8/lib/action_controller/metal.rb:203:in `dispatch'
/Users/lvangool/.rvm/gems/ruby-1.9.3-p194@rails-3.2.8/gems/actionpack-3.2.8/lib/action_controller/metal/rack_delegation.rb:14:in `dispatch'
/Users/lvangool/.rvm/gems/ruby-1.9.3-p194@rails-3.2.8/gems/actionpack-3.2.8/lib/action_controller/metal.rb:246:in `block in action'
/Users/lvangool/.rvm/gems/ruby-1.9.3-p194@rails-3.2.8/gems/actionpack-3.2.8/lib/action_dispatch/routing/route_set.rb:73:in `call'
/Users/lvangool/.rvm/gems/ruby-1.9.3-p194@rails-3.2.8/gems/actionpack-3.2.8/lib/action_dispatch/routing/route_set.rb:73:in `dispatch'
/Users/lvangool/.rvm/gems/ruby-1.9.3-p194@rails-3.2.8/gems/actionpack-3.2.8/lib/action_dispatch/routing/route_set.rb:36:in `call'
/Users/lvangool/.rvm/gems/ruby-1.9.3-p194@rails-3.2.8/gems/journey-1.0.4/lib/journey/router.rb:68:in `block in call'
/Users/lvangool/.rvm/gems/ruby-1.9.3-p194@rails-3.2.8/gems/journey-1.0.4/lib/journey/router.rb:56:in `each'
/Users/lvangool/.rvm/gems/ruby-1.9.3-p194@rails-3.2.8/gems/journey-1.0.4/lib/journey/router.rb:56:in `call'
/Users/lvangool/.rvm/gems/ruby-1.9.3-p194@rails-3.2.8/gems/actionpack-3.2.8/lib/action_dispatch/routing/route_set.rb:600:in `call'
/Users/lvangool/.rvm/gems/ruby-1.9.3-p194@rails-3.2.8/gems/actionpack-3.2.8/lib/action_dispatch/middleware/best_standards_support.rb:17:in `call'
/Users/lvangool/.rvm/gems/ruby-1.9.3-p194@rails-3.2.8/gems/rack-1.4.1/lib/rack/etag.rb:23:in `call'
/Users/lvangool/.rvm/gems/ruby-1.9.3-p194@rails-3.2.8/gems/rack-1.4.1/lib/rack/conditionalget.rb:25:in `call'
/Users/lvangool/.rvm/gems/ruby-1.9.3-p194@rails-3.2.8/gems/actionpack-3.2.8/lib/action_dispatch/middleware/head.rb:14:in `call'
/Users/lvangool/.rvm/gems/ruby-1.9.3-p194@rails-3.2.8/gems/actionpack-3.2.8/lib/action_dispatch/middleware/params_parser.rb:21:in `call'
/Users/lvangool/.rvm/gems/ruby-1.9.3-p194@rails-3.2.8/gems/actionpack-3.2.8/lib/action_dispatch/middleware/flash.rb:242:in `call'
/Users/lvangool/.rvm/gems/ruby-1.9.3-p194@rails-3.2.8/gems/rack-1.4.1/lib/rack/session/abstract/id.rb:205:in `context'
/Users/lvangool/.rvm/gems/ruby-1.9.3-p194@rails-3.2.8/gems/rack-1.4.1/lib/rack/session/abstract/id.rb:200:in `call'
/Users/lvangool/.rvm/gems/ruby-1.9.3-p194@rails-3.2.8/gems/actionpack-3.2.8/lib/action_dispatch/middleware/cookies.rb:339:in `call'
/Users/lvangool/.rvm/gems/ruby-1.9.3-p194@rails-3.2.8/gems/actionpack-3.2.8/lib/action_dispatch/middleware/callbacks.rb:28:in `block in call'
/Users/lvangool/.rvm/gems/ruby-1.9.3-p194@rails-3.2.8/gems/activesupport-3.2.8/lib/active_support/callbacks.rb:405:in `_run__1935529761351694887__call__2847094868899373089__callbacks'
/Users/lvangool/.rvm/gems/ruby-1.9.3-p194@rails-3.2.8/gems/activesupport-3.2.8/lib/active_support/callbacks.rb:405:in `__run_callback'
/Users/lvangool/.rvm/gems/ruby-1.9.3-p194@rails-3.2.8/gems/activesupport-3.2.8/lib/active_support/callbacks.rb:385:in `_run_call_callbacks'
/Users/lvangool/.rvm/gems/ruby-1.9.3-p194@rails-3.2.8/gems/activesupport-3.2.8/lib/active_support/callbacks.rb:81:in `run_callbacks'
/Users/lvangool/.rvm/gems/ruby-1.9.3-p194@rails-3.2.8/gems/actionpack-3.2.8/lib/action_dispatch/middleware/callbacks.rb:27:in `call'
/Users/lvangool/.rvm/gems/ruby-1.9.3-p194@rails-3.2.8/gems/actionpack-3.2.8/lib/action_dispatch/middleware/reloader.rb:65:in `call'
/Users/lvangool/.rvm/gems/ruby-1.9.3-p194@rails-3.2.8/gems/actionpack-3.2.8/lib/action_dispatch/middleware/remote_ip.rb:31:in `call'
/Users/lvangool/.rvm/gems/ruby-1.9.3-p194@rails-3.2.8/gems/actionpack-3.2.8/lib/action_dispatch/middleware/debug_exceptions.rb:16:in `call'
/Users/lvangool/.rvm/gems/ruby-1.9.3-p194@rails-3.2.8/gems/actionpack-3.2.8/lib/action_dispatch/middleware/show_exceptions.rb:56:in `call'
/Users/lvangool/.rvm/gems/ruby-1.9.3-p194@rails-3.2.8/gems/railties-3.2.8/lib/rails/rack/logger.rb:26:in `call_app'
/Users/lvangool/.rvm/gems/ruby-1.9.3-p194@rails-3.2.8/gems/railties-3.2.8/lib/rails/rack/logger.rb:16:in `call'
/Users/lvangool/.rvm/gems/ruby-1.9.3-p194@rails-3.2.8/gems/actionpack-3.2.8/lib/action_dispatch/middleware/request_id.rb:22:in `call'
/Users/lvangool/.rvm/gems/ruby-1.9.3-p194@rails-3.2.8/gems/rack-1.4.1/lib/rack/methodoverride.rb:21:in `call'
/Users/lvangool/.rvm/gems/ruby-1.9.3-p194@rails-3.2.8/gems/rack-1.4.1/lib/rack/runtime.rb:17:in `call'
/Users/lvangool/.rvm/gems/ruby-1.9.3-p194@rails-3.2.8/gems/activesupport-3.2.8/lib/active_support/cache/strategy/local_cache.rb:72:in `call'
/Users/lvangool/.rvm/gems/ruby-1.9.3-p194@rails-3.2.8/gems/rack-1.4.1/lib/rack/lock.rb:15:in `call'
/Users/lvangool/.rvm/gems/ruby-1.9.3-p194@rails-3.2.8/gems/actionpack-3.2.8/lib/action_dispatch/middleware/static.rb:62:in `call'
/Users/lvangool/.rvm/gems/ruby-1.9.3-p194@rails-3.2.8/gems/railties-3.2.8/lib/rails/engine.rb:479:in `call'
/Users/lvangool/.rvm/gems/ruby-1.9.3-p194@rails-3.2.8/gems/railties-3.2.8/lib/rails/application.rb:223:in `call'
/Users/lvangool/.rvm/gems/ruby-1.9.3-p194@rails-3.2.8/gems/rack-1.4.1/lib/rack/content_length.rb:14:in `call'
/Users/lvangool/.rvm/gems/ruby-1.9.3-p194@rails-3.2.8/gems/railties-3.2.8/lib/rails/rack/log_tailer.rb:17:in `call'
/Users/lvangool/.rvm/gems/ruby-1.9.3-p194@rails-3.2.8/gems/rack-1.4.1/lib/rack/handler/webrick.rb:59:in `service'
/Users/lvangool/.rvm/rubies/ruby-1.9.3-p194/lib/ruby/1.9.1/webrick/httpserver.rb:138:in `service'
/Users/lvangool/.rvm/rubies/ruby-1.9.3-p194/lib/ruby/1.9.1/webrick/httpserver.rb:94:in `run'
/Users/lvangool/.rvm/rubies/ruby-1.9.3-p194/lib/ruby/1.9.1/webrick/server.rb:191:in `block in start_thread'
  Rendered hill/visit.html.erb within layouts/application (13.5ms)
Completed 500 Internal Server Error in 19ms

ActionView::Template::Error (/Users/lvangool/work/stack_samples/sample-rails.3.2.8-nodb/app/views/hill/visit.html.erb:5: syntax error, unexpected '>'
/Users/lvangool/work/stack_samples/sample-rails.3.2.8-nodb/app/views/hill/visit.html.erb:10: syntax error, unexpected tIDENTIFIER, expecting ')'
...tput_buffer = _old_virtual_path, _old_output_buffer
...                               ^
/Users/lvangool/work/stack_samples/sample-rails.3.2.8-nodb/app/views/hill/visit.html.erb:10: syntax error, unexpected '\n', expecting '='):
    2: <h2>(Using Rails 3.2.8 and No Database)</h2>
    3: The bucket they got was:<br/>
    4: Size: <%=rand(10)%><br/>
    5: Weight: <%=rand(1000)<br/>
    6: Full?: <%=rand(1000) > 500%><br/>
    7: <br/>
    8: Who knows how many buckets they have collected?<br/>
  actionpack (3.2.8) lib/action_view/template.rb:297:in `module_eval'
  actionpack (3.2.8) lib/action_view/template.rb:297:in `compile'
  actionpack (3.2.8) lib/action_view/template.rb:244:in `block in compile!'
  <internal:prelude>:10:in `synchronize'
  actionpack (3.2.8) lib/action_view/template.rb:232:in `compile!'
  actionpack (3.2.8) lib/action_view/template.rb:144:in `block in render'
  activesupport (3.2.8) lib/active_support/notifications.rb:125:in `instrument'
  actionpack (3.2.8) lib/action_view/template.rb:143:in `render'
  actionpack (3.2.8) lib/action_view/renderer/template_renderer.rb:47:in `block (2 levels) in render_template'
  actionpack (3.2.8) lib/action_view/renderer/abstract_renderer.rb:38:in `block in instrument'
  activesupport (3.2.8) lib/active_support/notifications.rb:123:in `block in instrument'
  activesupport (3.2.8) lib/active_support/notifications/instrumenter.rb:20:in `instrument'
  activesupport (3.2.8) lib/active_support/notifications.rb:123:in `instrument'
  actionpack (3.2.8) lib/action_view/renderer/abstract_renderer.rb:38:in `instrument'
  actionpack (3.2.8) lib/action_view/renderer/template_renderer.rb:46:in `block in render_template'
  actionpack (3.2.8) lib/action_view/renderer/template_renderer.rb:54:in `render_with_layout'
  actionpack (3.2.8) lib/action_view/renderer/template_renderer.rb:45:in `render_template'
  actionpack (3.2.8) lib/action_view/renderer/template_renderer.rb:18:in `render'
  actionpack (3.2.8) lib/action_view/renderer/renderer.rb:36:in `render_template'
  actionpack (3.2.8) lib/action_view/renderer/renderer.rb:17:in `render'
  actionpack (3.2.8) lib/abstract_controller/rendering.rb:110:in `_render_template'
  actionpack (3.2.8) lib/action_controller/metal/streaming.rb:225:in `_render_template'
  actionpack (3.2.8) lib/abstract_controller/rendering.rb:103:in `render_to_body'
  actionpack (3.2.8) lib/action_controller/metal/renderers.rb:28:in `render_to_body'
  actionpack (3.2.8) lib/action_controller/metal/compatibility.rb:50:in `render_to_body'
  actionpack (3.2.8) lib/abstract_controller/rendering.rb:88:in `render'
  actionpack (3.2.8) lib/action_controller/metal/rendering.rb:16:in `render'
  actionpack (3.2.8) lib/action_controller/metal/instrumentation.rb:40:in `block (2 levels) in render'
  activesupport (3.2.8) lib/active_support/core_ext/benchmark.rb:5:in `block in ms'
  /Users/lvangool/.rvm/rubies/ruby-1.9.3-p194/lib/ruby/1.9.1/benchmark.rb:295:in `realtime'
  activesupport (3.2.8) lib/active_support/core_ext/benchmark.rb:5:in `ms'
  actionpack (3.2.8) lib/action_controller/metal/instrumentation.rb:40:in `block in render'
  actionpack (3.2.8) lib/action_controller/metal/instrumentation.rb:83:in `cleanup_view_runtime'
  actionpack (3.2.8) lib/action_controller/metal/instrumentation.rb:39:in `render'
  actionpack (3.2.8) lib/action_controller/metal/implicit_render.rb:10:in `default_render'
  actionpack (3.2.8) lib/action_controller/metal/implicit_render.rb:5:in `send_action'
  actionpack (3.2.8) lib/abstract_controller/base.rb:167:in `process_action'
  actionpack (3.2.8) lib/action_controller/metal/rendering.rb:10:in `process_action'
  actionpack (3.2.8) lib/abstract_controller/callbacks.rb:18:in `block in process_action'
  activesupport (3.2.8) lib/active_support/callbacks.rb:414:in `_run__906591685982546795__process_action__3949096946348253286__callbacks'
  activesupport (3.2.8) lib/active_support/callbacks.rb:405:in `__run_callback'
  activesupport (3.2.8) lib/active_support/callbacks.rb:385:in `_run_process_action_callbacks'
  activesupport (3.2.8) lib/active_support/callbacks.rb:81:in `run_callbacks'
  actionpack (3.2.8) lib/abstract_controller/callbacks.rb:17:in `process_action'
  actionpack (3.2.8) lib/action_controller/metal/rescue.rb:29:in `process_action'
  actionpack (3.2.8) lib/action_controller/metal/instrumentation.rb:30:in `block in process_action'
  activesupport (3.2.8) lib/active_support/notifications.rb:123:in `block in instrument'
  activesupport (3.2.8) lib/active_support/notifications/instrumenter.rb:20:in `instrument'
  activesupport (3.2.8) lib/active_support/notifications.rb:123:in `instrument'
  actionpack (3.2.8) lib/action_controller/metal/instrumentation.rb:29:in `process_action'
  actionpack (3.2.8) lib/action_controller/metal/params_wrapper.rb:207:in `process_action'
  actionpack (3.2.8) lib/abstract_controller/base.rb:121:in `process'
  actionpack (3.2.8) lib/abstract_controller/rendering.rb:45:in `process'
  actionpack (3.2.8) lib/action_controller/metal.rb:203:in `dispatch'
  actionpack (3.2.8) lib/action_controller/metal/rack_delegation.rb:14:in `dispatch'
  actionpack (3.2.8) lib/action_controller/metal.rb:246:in `block in action'
  actionpack (3.2.8) lib/action_dispatch/routing/route_set.rb:73:in `call'
  actionpack (3.2.8) lib/action_dispatch/routing/route_set.rb:73:in `dispatch'
  actionpack (3.2.8) lib/action_dispatch/routing/route_set.rb:36:in `call'
  journey (1.0.4) lib/journey/router.rb:68:in `block in call'
  journey (1.0.4) lib/journey/router.rb:56:in `each'
  journey (1.0.4) lib/journey/router.rb:56:in `call'
  actionpack (3.2.8) lib/action_dispatch/routing/route_set.rb:600:in `call'
  actionpack (3.2.8) lib/action_dispatch/middleware/best_standards_support.rb:17:in `call'
  rack (1.4.1) lib/rack/etag.rb:23:in `call'
  rack (1.4.1) lib/rack/conditionalget.rb:25:in `call'
  actionpack (3.2.8) lib/action_dispatch/middleware/head.rb:14:in `call'
  actionpack (3.2.8) lib/action_dispatch/middleware/params_parser.rb:21:in `call'
  actionpack (3.2.8) lib/action_dispatch/middleware/flash.rb:242:in `call'
  rack (1.4.1) lib/rack/session/abstract/id.rb:205:in `context'
  rack (1.4.1) lib/rack/session/abstract/id.rb:200:in `call'
  actionpack (3.2.8) lib/action_dispatch/middleware/cookies.rb:339:in `call'
  actionpack (3.2.8) lib/action_dispatch/middleware/callbacks.rb:28:in `block in call'
  activesupport (3.2.8) lib/active_support/callbacks.rb:405:in `_run__1935529761351694887__call__2847094868899373089__callbacks'
  activesupport (3.2.8) lib/active_support/callbacks.rb:405:in `__run_callback'
  activesupport (3.2.8) lib/active_support/callbacks.rb:385:in `_run_call_callbacks'
  activesupport (3.2.8) lib/active_support/callbacks.rb:81:in `run_callbacks'
  actionpack (3.2.8) lib/action_dispatch/middleware/callbacks.rb:27:in `call'
  actionpack (3.2.8) lib/action_dispatch/middleware/reloader.rb:65:in `call'
  actionpack (3.2.8) lib/action_dispatch/middleware/remote_ip.rb:31:in `call'
  actionpack (3.2.8) lib/action_dispatch/middleware/debug_exceptions.rb:16:in `call'
  actionpack (3.2.8) lib/action_dispatch/middleware/show_exceptions.rb:56:in `call'
  railties (3.2.8) lib/rails/rack/logger.rb:26:in `call_app'
  railties (3.2.8) lib/rails/rack/logger.rb:16:in `call'
  actionpack (3.2.8) lib/action_dispatch/middleware/request_id.rb:22:in `call'
  rack (1.4.1) lib/rack/methodoverride.rb:21:in `call'
  rack (1.4.1) lib/rack/runtime.rb:17:in `call'
  activesupport (3.2.8) lib/active_support/cache/strategy/local_cache.rb:72:in `call'
  rack (1.4.1) lib/rack/lock.rb:15:in `call'
  actionpack (3.2.8) lib/action_dispatch/middleware/static.rb:62:in `call'
  railties (3.2.8) lib/rails/engine.rb:479:in `call'
  railties (3.2.8) lib/rails/application.rb:223:in `call'
  rack (1.4.1) lib/rack/content_length.rb:14:in `call'
  railties (3.2.8) lib/rails/rack/log_tailer.rb:17:in `call'
  rack (1.4.1) lib/rack/handler/webrick.rb:59:in `service'
  /Users/lvangool/.rvm/rubies/ruby-1.9.3-p194/lib/ruby/1.9.1/webrick/httpserver.rb:138:in `service'
  /Users/lvangool/.rvm/rubies/ruby-1.9.3-p194/lib/ruby/1.9.1/webrick/httpserver.rb:94:in `run'
  /Users/lvangool/.rvm/rubies/ruby-1.9.3-p194/lib/ruby/1.9.1/webrick/server.rb:191:in `block in start_thread'


  Rendered /Users/lvangool/.rvm/gems/ruby-1.9.3-p194@rails-3.2.8/gems/actionpack-3.2.8/lib/action_dispatch/middleware/templates/rescues/_trace.erb (0.8ms)
  Rendered /Users/lvangool/.rvm/gems/ruby-1.9.3-p194@rails-3.2.8/gems/actionpack-3.2.8/lib/action_dispatch/middleware/templates/rescues/_request_and_response.erb (0.5ms)
  Rendered /Users/lvangool/.rvm/gems/ruby-1.9.3-p194@rails-3.2.8/gems/actionpack-3.2.8/lib/action_dispatch/middleware/templates/rescues/template_error.erb within rescues/layout (7.4ms)


Started GET "/" for 127.0.0.1 at 2012-10-15 09:51:16 +0100
Processing by HillController#visit as HTML
  Rendered hill/visit.html.erb within layouts/application (0.3ms)
Compiled application.css  (0ms)  (pid 59568)
Compiled jquery.js  (3ms)  (pid 59568)
Compiled jquery_ujs.js  (0ms)  (pid 59568)
Compiled application.js  (29ms)  (pid 59568)
Completed 200 OK in 52ms (Views: 51.5ms)


Started GET "/assets/application.css?body=1" for 127.0.0.1 at 2012-10-15 09:51:17 +0100
Served asset /application.css - 200 OK (5ms)


Started GET "/assets/jquery_ujs.js?body=1" for 127.0.0.1 at 2012-10-15 09:51:17 +0100
Served asset /jquery_ujs.js - 200 OK (2ms)


Started GET "/assets/jquery.js?body=1" for 127.0.0.1 at 2012-10-15 09:51:17 +0100
Served asset /jquery.js - 200 OK (2ms)


Started GET "/assets/application.js?body=1" for 127.0.0.1 at 2012-10-15 09:51:17 +0100
Served asset /application.js - 200 OK (3ms)


Started GET "/" for 127.0.0.1 at 2012-10-15 09:51:18 +0100
Processing by HillController#visit as HTML
  Rendered hill/visit.html.erb within layouts/application (0.1ms)
Completed 200 OK in 3ms (Views: 2.5ms)


Started GET "/assets/jquery_ujs.js?body=1" for 127.0.0.1 at 2012-10-15 09:51:18 +0100
Served asset /jquery_ujs.js - 304 Not Modified (0ms)


Started GET "/assets/jquery.js?body=1" for 127.0.0.1 at 2012-10-15 09:51:18 +0100
Served asset /jquery.js - 304 Not Modified (0ms)


Started GET "/assets/application.css?body=1" for 127.0.0.1 at 2012-10-15 09:51:18 +0100
Served asset /application.css - 304 Not Modified (0ms)


Started GET "/assets/application.js?body=1" for 127.0.0.1 at 2012-10-15 09:51:18 +0100
Served asset /application.js - 304 Not Modified (0ms)


Started GET "/" for 127.0.0.1 at 2012-10-15 09:51:19 +0100
Processing by HillController#visit as HTML
  Rendered hill/visit.html.erb within layouts/application (0.0ms)
Completed 200 OK in 2ms (Views: 2.1ms)


Started GET "/assets/jquery_ujs.js?body=1" for 127.0.0.1 at 2012-10-15 09:51:19 +0100
Served asset /jquery_ujs.js - 304 Not Modified (0ms)


Started GET "/assets/application.css?body=1" for 127.0.0.1 at 2012-10-15 09:51:19 +0100
Served asset /application.css - 304 Not Modified (0ms)


Started GET "/assets/application.js?body=1" for 127.0.0.1 at 2012-10-15 09:51:19 +0100
Served asset /application.js - 304 Not Modified (0ms)


Started GET "/assets/jquery.js?body=1" for 127.0.0.1 at 2012-10-15 09:51:19 +0100
Served asset /jquery.js - 304 Not Modified (0ms)


Started GET "/" for 127.0.0.1 at 2012-10-15 09:51:19 +0100
Processing by HillController#visit as HTML
  Rendered hill/visit.html.erb within layouts/application (0.0ms)
Completed 200 OK in 2ms (Views: 2.2ms)


Started GET "/assets/jquery.js?body=1" for 127.0.0.1 at 2012-10-15 09:51:19 +0100
Served asset /jquery.js - 304 Not Modified (0ms)


Started GET "/assets/application.css?body=1" for 127.0.0.1 at 2012-10-15 09:51:19 +0100
Served asset /application.css - 304 Not Modified (0ms)


Started GET "/assets/application.js?body=1" for 127.0.0.1 at 2012-10-15 09:51:19 +0100
Served asset /application.js - 304 Not Modified (0ms)


Started GET "/assets/jquery_ujs.js?body=1" for 127.0.0.1 at 2012-10-15 09:51:19 +0100
Served asset /jquery_ujs.js - 304 Not Modified (0ms)


Started GET "/" for 127.0.0.1 at 2012-10-15 09:51:20 +0100
Processing by HillController#visit as HTML
  Rendered hill/visit.html.erb within layouts/application (0.0ms)
Completed 200 OK in 3ms (Views: 2.6ms)


Started GET "/assets/jquery_ujs.js?body=1" for 127.0.0.1 at 2012-10-15 09:51:20 +0100
Served asset /jquery_ujs.js - 304 Not Modified (0ms)


Started GET "/assets/application.js?body=1" for 127.0.0.1 at 2012-10-15 09:51:20 +0100
Served asset /application.js - 304 Not Modified (0ms)


Started GET "/assets/jquery.js?body=1" for 127.0.0.1 at 2012-10-15 09:51:20 +0100
Served asset /jquery.js - 304 Not Modified (0ms)


Started GET "/assets/application.css?body=1" for 127.0.0.1 at 2012-10-15 09:51:20 +0100
Served asset /application.css - 304 Not Modified (0ms)


Started GET "/" for 127.0.0.1 at 2012-10-15 09:51:20 +0100
Processing by HillController#visit as HTML
  Rendered hill/visit.html.erb within layouts/application (0.0ms)
Completed 200 OK in 2ms (Views: 2.1ms)


Started GET "/assets/jquery_ujs.js?body=1" for 127.0.0.1 at 2012-10-15 09:51:20 +0100
Served asset /jquery_ujs.js - 304 Not Modified (0ms)


Started GET "/assets/jquery.js?body=1" for 127.0.0.1 at 2012-10-15 09:51:20 +0100
Served asset /jquery.js - 304 Not Modified (0ms)


Started GET "/assets/application.css?body=1" for 127.0.0.1 at 2012-10-15 09:51:20 +0100
Served asset /application.css - 304 Not Modified (0ms)


Started GET "/assets/application.js?body=1" for 127.0.0.1 at 2012-10-15 09:51:20 +0100
Served asset /application.js - 304 Not Modified (0ms)


Started GET "/assets/jquery_ujs.js?body=1" for 127.0.0.1 at 2012-10-15 09:51:20 +0100
Served asset /jquery_ujs.js - 304 Not Modified (0ms)


Started GET "/" for 127.0.0.1 at 2012-10-15 09:51:21 +0100
Processing by HillController#visit as HTML
  Rendered hill/visit.html.erb within layouts/application (0.0ms)
Completed 200 OK in 3ms (Views: 2.6ms)


Started GET "/assets/application.css?body=1" for 127.0.0.1 at 2012-10-15 09:51:21 +0100
Served asset /application.css - 304 Not Modified (0ms)


Started GET "/assets/jquery_ujs.js?body=1" for 127.0.0.1 at 2012-10-15 09:51:21 +0100
Served asset /jquery_ujs.js - 304 Not Modified (0ms)


Started GET "/assets/jquery.js?body=1" for 127.0.0.1 at 2012-10-15 09:51:21 +0100
Served asset /jquery.js - 304 Not Modified (0ms)


Started GET "/assets/application.js?body=1" for 127.0.0.1 at 2012-10-15 09:51:21 +0100
Served asset /application.js - 304 Not Modified (0ms)


Started GET "/" for 127.0.0.1 at 2012-10-15 09:51:21 +0100
Processing by HillController#visit as HTML
  Rendered hill/visit.html.erb within layouts/application (0.0ms)
Completed 200 OK in 2ms (Views: 2.3ms)


Started GET "/assets/application.js?body=1" for 127.0.0.1 at 2012-10-15 09:51:21 +0100
Served asset /application.js - 304 Not Modified (0ms)


Started GET "/assets/jquery_ujs.js?body=1" for 127.0.0.1 at 2012-10-15 09:51:21 +0100
Served asset /jquery_ujs.js - 304 Not Modified (0ms)


Started GET "/assets/jquery.js?body=1" for 127.0.0.1 at 2012-10-15 09:51:21 +0100
Served asset /jquery.js - 304 Not Modified (0ms)


Started GET "/assets/application.css?body=1" for 127.0.0.1 at 2012-10-15 09:51:21 +0100
Served asset /application.css - 304 Not Modified (0ms)


Started GET "/assets/jquery_ujs.js?body=1" for 127.0.0.1 at 2012-10-15 09:51:21 +0100
Served asset /jquery_ujs.js - 304 Not Modified (0ms)


Started GET "/assets/application.js?body=1" for 127.0.0.1 at 2012-10-15 09:51:21 +0100
Served asset /application.js - 304 Not Modified (0ms)


Started GET "/" for 127.0.0.1 at 2012-10-15 09:51:21 +0100
Processing by HillController#visit as HTML
  Rendered hill/visit.html.erb within layouts/application (0.1ms)
Completed 200 OK in 3ms (Views: 2.9ms)


Started GET "/assets/application.js?body=1" for 127.0.0.1 at 2012-10-15 09:51:21 +0100
Served asset /application.js - 304 Not Modified (0ms)


Started GET "/assets/application.css?body=1" for 127.0.0.1 at 2012-10-15 09:51:21 +0100
Served asset /application.css - 304 Not Modified (0ms)


Started GET "/assets/jquery_ujs.js?body=1" for 127.0.0.1 at 2012-10-15 09:51:21 +0100
Served asset /jquery_ujs.js - 304 Not Modified (0ms)


Started GET "/assets/jquery.js?body=1" for 127.0.0.1 at 2012-10-15 09:51:21 +0100
Served asset /jquery.js - 304 Not Modified (0ms)


Started GET "/" for 127.0.0.1 at 2012-10-15 09:51:22 +0100
Processing by HillController#visit as HTML
  Rendered hill/visit.html.erb within layouts/application (0.0ms)
Completed 200 OK in 2ms (Views: 2.1ms)


Started GET "/assets/application.js?body=1" for 127.0.0.1 at 2012-10-15 09:51:22 +0100
Served asset /application.js - 304 Not Modified (0ms)


Started GET "/assets/application.css?body=1" for 127.0.0.1 at 2012-10-15 09:51:22 +0100
Served asset /application.css - 304 Not Modified (0ms)


Started GET "/assets/jquery.js?body=1" for 127.0.0.1 at 2012-10-15 09:51:22 +0100
Served asset /jquery.js - 304 Not Modified (0ms)


Started GET "/assets/jquery_ujs.js?body=1" for 127.0.0.1 at 2012-10-15 09:51:22 +0100
Served asset /jquery_ujs.js - 304 Not Modified (0ms)


Started GET "/" for 127.0.0.1 at 2012-10-15 09:51:22 +0100
Processing by HillController#visit as HTML
  Rendered hill/visit.html.erb within layouts/application (0.0ms)
Completed 200 OK in 2ms (Views: 2.0ms)


Started GET "/assets/application.js?body=1" for 127.0.0.1 at 2012-10-15 09:51:22 +0100
Served asset /application.js - 304 Not Modified (0ms)


Started GET "/assets/application.css?body=1" for 127.0.0.1 at 2012-10-15 09:51:22 +0100
Served asset /application.css - 304 Not Modified (0ms)


Started GET "/assets/jquery_ujs.js?body=1" for 127.0.0.1 at 2012-10-15 09:51:22 +0100
Served asset /jquery_ujs.js - 304 Not Modified (0ms)


Started GET "/assets/jquery.js?body=1" for 127.0.0.1 at 2012-10-15 09:51:22 +0100
Served asset /jquery.js - 304 Not Modified (0ms)


Started GET "/" for 127.0.0.1 at 2012-10-15 09:51:22 +0100
Processing by HillController#visit as HTML
  Rendered hill/visit.html.erb within layouts/application (0.0ms)
Completed 200 OK in 2ms (Views: 2.0ms)


Started GET "/assets/jquery.js?body=1" for 127.0.0.1 at 2012-10-15 09:51:22 +0100
Served asset /jquery.js - 304 Not Modified (0ms)


Started GET "/assets/application.js?body=1" for 127.0.0.1 at 2012-10-15 09:51:22 +0100
Served asset /application.js - 304 Not Modified (0ms)


Started GET "/assets/application.css?body=1" for 127.0.0.1 at 2012-10-15 09:51:22 +0100
Served asset /application.css - 304 Not Modified (0ms)


Started GET "/assets/jquery_ujs.js?body=1" for 127.0.0.1 at 2012-10-15 09:51:22 +0100
Served asset /jquery_ujs.js - 304 Not Modified (0ms)


Started GET "/assets/application.js?body=1" for 127.0.0.1 at 2012-10-15 09:51:22 +0100
Served asset /application.js - 304 Not Modified (0ms)
